   1              	# 1 ".././hal/stm32f3/stm32f3_startup.S"
   1              	/**
   0              	
   0              	
   2              	  ******************************************************************************
   3              	  * @file      startup_stm32.s
   4              	  * @author    Ac6
   5              	  * @version   V1.0.0
   6              	  * @date      12-June-2014
   7              	  ******************************************************************************
   8              	  */
   9              	
  10              	  .syntax unified
  11              	  .cpu cortex-m4
  12              	  .thumb
  13              	
  14              	.global	g_pfnVectors
  15              	.global	Default_Handler
  16              	
  17              	/* start address for the initialization values of the .data section.
  18              	defined in linker script */
  19 0000 00000000 	.word	_sidata
  20              	/* start address for the .data section. defined in linker script */
  21 0004 00000000 	.word	_sdata
  22              	/* end address for the .data section. defined in linker script */
  23 0008 00000000 	.word	_edata
  24              	/* start address for the .bss section. defined in linker script */
  25 000c 00000000 	.word	_sbss
  26              	/* end address for the .bss section. defined in linker script */
  27 0010 00000000 	.word	_ebss
  28              	
  29              	.equ  BootRAM,        0xF1E0F85F
  30              	/**
  31              	 * @brief  This is the code that gets called when the processor first
  32              	 *          starts execution following a reset event. Only the absolutely
  33              	 *          necessary set is performed, after which the application
  34              	 *          supplied main() routine is called.
  35              	 * @param  None
  36              	 * @retval : None
  37              	*/
  38              	
  39              	    .section	.text.Reset_Handler
  40              		.weak	Reset_Handler
  42              	Reset_Handler:
  43              	
  44              	/* Copy the data segment initializers from flash to SRAM */
  45:.././hal/stm32f3/stm32f3_startup.S ****   movs	r1, #0
  46:.././hal/stm32f3/stm32f3_startup.S ****   b	LoopCopyDataInit
  47              	
  48              	CopyDataInit:
  49:.././hal/stm32f3/stm32f3_startup.S **** 	ldr	r3, =_sidata
  50:.././hal/stm32f3/stm32f3_startup.S **** 	ldr	r3, [r3, r1]
  51:.././hal/stm32f3/stm32f3_startup.S **** 	str	r3, [r0, r1]
  52:.././hal/stm32f3/stm32f3_startup.S **** 	adds	r1, r1, #4
  53              	
  54              	LoopCopyDataInit:
  55:.././hal/stm32f3/stm32f3_startup.S **** 	ldr	r0, =_sdata
  56:.././hal/stm32f3/stm32f3_startup.S **** 	ldr	r3, =_edata
  57:.././hal/stm32f3/stm32f3_startup.S **** 	adds	r2, r0, r1
  58:.././hal/stm32f3/stm32f3_startup.S **** 	cmp	r2, r3
  59:.././hal/stm32f3/stm32f3_startup.S **** 	bcc	CopyDataInit
  60:.././hal/stm32f3/stm32f3_startup.S **** 	ldr	r2, =_sbss
  61:.././hal/stm32f3/stm32f3_startup.S **** 	b	LoopFillZerobss
  62              	/* Zero fill the bss segment. */
  63              	FillZerobss:
  64:.././hal/stm32f3/stm32f3_startup.S **** 	movs r3, #0
  65:.././hal/stm32f3/stm32f3_startup.S ****  	str  r3, [r2]
  66:.././hal/stm32f3/stm32f3_startup.S **** 	adds r2, r2, #4
  67              	
  68              	
  69              	LoopFillZerobss:
  70:.././hal/stm32f3/stm32f3_startup.S **** 	ldr	r3, = _ebss
  71:.././hal/stm32f3/stm32f3_startup.S **** 	cmp	r2, r3
  72:.././hal/stm32f3/stm32f3_startup.S **** 	bcc	FillZerobss
  73              	
  74              	
  75              	/* Call the clock system intitialization function.*/
  76:.././hal/stm32f3/stm32f3_startup.S **** 	LDR.W   R0, =0xE000ED88
  77:.././hal/stm32f3/stm32f3_startup.S **** 	LDR     R1, [R0]
  78:.././hal/stm32f3/stm32f3_startup.S **** 	ORR     R1, R1, #(0xF << 20)
  79:.././hal/stm32f3/stm32f3_startup.S **** 	STR     R1, [R0]
  80              	
  81:.././hal/stm32f3/stm32f3_startup.S ****     bl  SystemInit
  82              	
  83              	
  84              	/* Call static constructors */
  85:.././hal/stm32f3/stm32f3_startup.S ****     bl __libc_init_array
  86              	/* Call the application's entry point.*/
  87:.././hal/stm32f3/stm32f3_startup.S **** 	bl	main
  88              	
  89              	LoopForever:
  90:.././hal/stm32f3/stm32f3_startup.S ****     b LoopForever
  91              	
  93              	
  94              	/**
  95              	 * @brief  This is the code that gets called when the processor receives an
  96              	 *         unexpected interrupt.  This simply enters an infinite loop, preserving
  97              	 *         the system state for examination by a debugger.
  98              	 *
  99              	 * @param  None
 100              	 * @retval : None
 101              	*/
 102              	    .section	.text.Default_Handler,"ax",%progbits
 103              	Default_Handler:
 104              	Infinite_Loop:
 105:.././hal/stm32f3/stm32f3_startup.S **** 	b	Infinite_Loop
 107              	/******************************************************************************
 108              	*
 109              	* The minimal vector table for a Cortex-M.  Note that the proper constructs
 110              	* must be placed on this to ensure that it ends up at physical address
 111              	* 0x0000.0000.
 112              	*
 113              	******************************************************************************/
 114              	 	.section	.isr_vector,"a",%progbits
 117              	
 118              	g_pfnVectors:
 119 0000 00000000 		.word	_estack
 120 0004 00000000 		.word	Reset_Handler
 121 0008 00000000 		.word	NMI_Handler
 122 000c 00000000 		.word	HardFault_Handler
 123 0010 00000000 		.word	MemManage_Handler
 124 0014 00000000 		.word	BusFault_Handler
 125 0018 00000000 		.word	UsageFault_Handler
 126 001c 00000000 		.word	0
 127 0020 00000000 		.word	0
 128 0024 00000000 		.word	0
 129 0028 00000000 		.word	0
 130 002c 00000000 		.word	SVC_Handler
 131 0030 00000000 		.word	DebugMon_Handler
 132 0034 00000000 		.word	0
 133 0038 00000000 		.word	PendSV_Handler
 134 003c 00000000 		.word	SysTick_Handler
 135 0040 00000000 		.word	0
 136 0044 00000000 		.word	0
 137 0048 00000000 		.word	0
 138 004c 00000000 		.word	0
 139 0050 00000000 		.word	0
 140 0054 00000000 		.word	0
 141 0058 00000000 		.word	0
 142 005c 00000000 		.word	0
 143 0060 00000000 		.word	0
 144 0064 00000000 		.word	0
 145 0068 00000000 		.word	0
 146 006c 00000000 		.word	0
 147 0070 00000000 		.word	0
 148 0074 00000000 		.word	0
 149 0078 00000000 		.word	0
 150 007c 00000000 		.word	0
 151 0080 00000000 		.word	0
 152 0084 00000000 		.word	0
 153 0088 00000000 		.word	0
 154 008c 00000000 		.word	0
 155 0090 00000000 		.word	0
 156 0094 00000000 		.word	0
 157 0098 00000000 		.word	0
 158 009c 00000000 		.word	0
 159 00a0 00000000 		.word	0
 160 00a4 00000000 		.word	0
 161 00a8 00000000 		.word	0
 162 00ac 00000000 		.word	0
 163 00b0 00000000 		.word	0
 164 00b4 00000000 		.word	0
 165 00b8 00000000 		.word	0
 166 00bc 00000000 		.word	0
 167 00c0 00000000 		.word	0
 168 00c4 00000000 		.word	0
 169 00c8 00000000 		.word	0
 170 00cc 00000000 		.word	0
 171 00d0 00000000 		.word	0
 172 00d4 00000000 		.word	0
 173 00d8 00000000 		.word	0
 174 00dc 00000000 		.word	0
 175 00e0 00000000 		.word	0
 176 00e4 00000000 		.word	0
 177 00e8 00000000 		.word	0
 178 00ec 00000000 		.word	0
 179 00f0 00000000 		.word	0
 180 00f4 00000000 		.word	0
 181 00f8 00000000 		.word	0
 182 00fc 00000000 		.word	0
 183 0100 00000000 		.word	0
 184 0104 00000000 		.word	0
 185 0108 00000000 		.word	0
 186 010c 00000000 		.word	0
 187 0110 00000000 		.word	0
 188 0114 00000000 		.word	0
 189 0118 00000000 		.word	0
 190 011c 00000000 		.word	0
 191 0120 00000000 		.word	0
 192 0124 00000000 		.word	0
 193 0128 00000000 		.word	0
 194 012c 00000000 		.word	0
 195 0130 00000000 		.word	0
 196 0134 00000000 		.word	0
 197 0138 00000000 		.word	0
 198 013c 00000000 		.word	0
 199 0140 00000000 		.word	0
 200 0144 00000000 		.word	0
 201 0148 00000000 		.word	0
 202 014c 00000000 		.word	0
 203 0150 00000000 		.word	0
 204 0154 00000000 		.word	0
 205 0158 00000000 		.word	0
 206 015c 00000000 		.word	0
 207 0160 00000000 		.word	0
 208 0164 00000000 		.word	0
 209 0168 00000000 		.word	0
 210 016c 00000000 		.word	0
 211 0170 00000000 		.word	0
 212 0174 00000000 		.word	0
 213 0178 00000000 		.word	0
 214 017c 00000000 		.word	0
 215 0180 00000000 		.word	0
 216 0184 00000000 		.word	0
 217              	
 218              	/*******************************************************************************
 219              	*
 220              	* Provide weak aliases for each Exception handler to the Default_Handler.
 221              	* As they are weak aliases, any function with the same name will override
 222              	* this definition.
 223              	*
 224              	*******************************************************************************/
 225              	
 226              	  	.weak	NMI_Handler
 227              		.thumb_set NMI_Handler,Default_Handler
 228              	
 229              	  	.weak	HardFault_Handler
 230              		.thumb_set HardFault_Handler,Default_Handler
 231              	
 232              	  	.weak	MemManage_Handler
 233              		.thumb_set MemManage_Handler,Default_Handler
 234              	
 235              	  	.weak	BusFault_Handler
 236              		.thumb_set BusFault_Handler,Default_Handler
 237              	
 238              		.weak	UsageFault_Handler
 239              		.thumb_set UsageFault_Handler,Default_Handler
 240              	
 241              		.weak	SVC_Handler
 242              		.thumb_set SVC_Handler,Default_Handler
 243              	
 244              		.weak	DebugMon_Handler
 245              		.thumb_set DebugMon_Handler,Default_Handler
 246              	
 247              		.weak	PendSV_Handler
 248              		.thumb_set PendSV_Handler,Default_Handler
 249              	
 250              		.weak	SysTick_Handler
 251              		.thumb_set SysTick_Handler,Default_Handler
 252              	
 253              		.weak	SystemInit
DEFINED SYMBOLS
.././hal/stm32f3/stm32f3_startup.S:118    .isr_vector:0000000000000000 g_pfnVectors
.././hal/stm32f3/stm32f3_startup.S:103    .text.Default_Handler:0000000000000000 Default_Handler
.././hal/stm32f3/stm32f3_startup.S:29     *ABS*:00000000f1e0f85f BootRAM
.././hal/stm32f3/stm32f3_startup.S:42     .text.Reset_Handler:0000000000000000 Reset_Handler
.././hal/stm32f3/stm32f3_startup.S:45     .text.Reset_Handler:0000000000000000 $t
.././hal/stm32f3/stm32f3_startup.S:54     .text.Reset_Handler:000000000000000c LoopCopyDataInit
.././hal/stm32f3/stm32f3_startup.S:48     .text.Reset_Handler:0000000000000004 CopyDataInit
.././hal/stm32f3/stm32f3_startup.S:69     .text.Reset_Handler:0000000000000020 LoopFillZerobss
.././hal/stm32f3/stm32f3_startup.S:63     .text.Reset_Handler:000000000000001a FillZerobss
.././hal/stm32f3/stm32f3_startup.S:89     .text.Reset_Handler:000000000000003e LoopForever
.././hal/stm32f3/stm32f3_startup.S:104    .text.Default_Handler:0000000000000000 Infinite_Loop
.././hal/stm32f3/stm32f3_startup.S:105    .text.Default_Handler:0000000000000000 $t
.././hal/stm32f3/stm32f3_startup.S:103    .text.Default_Handler:0000000000000000 NMI_Handler
.././hal/stm32f3/stm32f3_startup.S:103    .text.Default_Handler:0000000000000000 HardFault_Handler
.././hal/stm32f3/stm32f3_startup.S:103    .text.Default_Handler:0000000000000000 MemManage_Handler
.././hal/stm32f3/stm32f3_startup.S:103    .text.Default_Handler:0000000000000000 BusFault_Handler
.././hal/stm32f3/stm32f3_startup.S:103    .text.Default_Handler:0000000000000000 UsageFault_Handler
.././hal/stm32f3/stm32f3_startup.S:103    .text.Default_Handler:0000000000000000 SVC_Handler
.././hal/stm32f3/stm32f3_startup.S:103    .text.Default_Handler:0000000000000000 DebugMon_Handler
.././hal/stm32f3/stm32f3_startup.S:103    .text.Default_Handler:0000000000000000 PendSV_Handler
.././hal/stm32f3/stm32f3_startup.S:103    .text.Default_Handler:0000000000000000 SysTick_Handler
.././hal/stm32f3/stm32f3_startup.S:253    .text.Reset_Handler:0000000000000040 $d
                            .text:0000000000000000 $d

UNDEFINED SYMBOLS
_sidata
_sdata
_edata
_sbss
_ebss
SystemInit
__libc_init_array
main
_estack
