   1              		.cpu cortex-m4
   2              		.eabi_attribute 27, 1
   3              		.eabi_attribute 28, 1
   4              		.eabi_attribute 20, 1
   5              		.eabi_attribute 21, 1
   6              		.eabi_attribute 23, 3
   7              		.eabi_attribute 24, 1
   8              		.eabi_attribute 25, 1
   9              		.eabi_attribute 26, 1
  10              		.eabi_attribute 30, 6
  11              		.eabi_attribute 34, 1
  12              		.eabi_attribute 18, 4
  13              		.file	"stm32f3_sysmem.c"
  14              		.text
  15              	.Ltext0:
  16              		.cfi_sections	.debug_frame
  17              		.bss
  18              		.align	2
  19              	heap_end.6557:
  20 0000 00000000 		.space	4
  22              		.section	.text._sbrk,"ax",%progbits
  23              		.align	1
  24              		.global	_sbrk
  25              		.arch armv7e-m
  26              		.syntax unified
  27              		.thumb
  28              		.thumb_func
  29              		.fpu fpv4-sp-d16
  31              	_sbrk:
  32              	.LFB3:
  33              		.file 1 ".././hal/stm32f3/stm32f3_sysmem.c"
   1:.././hal/stm32f3/stm32f3_sysmem.c **** /**
   2:.././hal/stm32f3/stm32f3_sysmem.c **** *****************************************************************************
   3:.././hal/stm32f3/stm32f3_sysmem.c **** **
   4:.././hal/stm32f3/stm32f3_sysmem.c **** **  File        : sysmem.c
   5:.././hal/stm32f3/stm32f3_sysmem.c **** **
   6:.././hal/stm32f3/stm32f3_sysmem.c **** **  Author	    : Ac6
   7:.././hal/stm32f3/stm32f3_sysmem.c **** **
   8:.././hal/stm32f3/stm32f3_sysmem.c **** **  Abstract    : System Workbench Minimal System Memory calls file
   9:.././hal/stm32f3/stm32f3_sysmem.c **** **
  10:.././hal/stm32f3/stm32f3_sysmem.c **** ** 		          For more information about which c-functions
  11:.././hal/stm32f3/stm32f3_sysmem.c **** **                need which of these lowlevel functions
  12:.././hal/stm32f3/stm32f3_sysmem.c **** **                please consult the Newlib libc-manual
  13:.././hal/stm32f3/stm32f3_sysmem.c **** **
  14:.././hal/stm32f3/stm32f3_sysmem.c **** **  Environment : System Workbench for MCU
  15:.././hal/stm32f3/stm32f3_sysmem.c **** **
  16:.././hal/stm32f3/stm32f3_sysmem.c **** **  Distribution: The file is distributed “as is,” without any warranty
  17:.././hal/stm32f3/stm32f3_sysmem.c **** **                of any kind.
  18:.././hal/stm32f3/stm32f3_sysmem.c **** **
  19:.././hal/stm32f3/stm32f3_sysmem.c **** *****************************************************************************
  20:.././hal/stm32f3/stm32f3_sysmem.c **** **
  21:.././hal/stm32f3/stm32f3_sysmem.c **** ** <h2><center>&copy; COPYRIGHT(c) 2014 Ac6</center></h2>
  22:.././hal/stm32f3/stm32f3_sysmem.c **** **
  23:.././hal/stm32f3/stm32f3_sysmem.c **** ** Redistribution and use in source and binary forms, with or without modification,
  24:.././hal/stm32f3/stm32f3_sysmem.c **** ** are permitted provided that the following conditions are met:
  25:.././hal/stm32f3/stm32f3_sysmem.c **** **   1. Redistributions of source code must retain the above copyright notice,
  26:.././hal/stm32f3/stm32f3_sysmem.c **** **      this list of conditions and the following disclaimer.
  27:.././hal/stm32f3/stm32f3_sysmem.c **** **   2. Redistributions in binary form must reproduce the above copyright notice,
  28:.././hal/stm32f3/stm32f3_sysmem.c **** **      this list of conditions and the following disclaimer in the documentation
  29:.././hal/stm32f3/stm32f3_sysmem.c **** **      and/or other materials provided with the distribution.
  30:.././hal/stm32f3/stm32f3_sysmem.c **** **   3. Neither the name of Ac6 nor the names of its contributors
  31:.././hal/stm32f3/stm32f3_sysmem.c **** **      may be used to endorse or promote products derived from this software
  32:.././hal/stm32f3/stm32f3_sysmem.c **** **      without specific prior written permission.
  33:.././hal/stm32f3/stm32f3_sysmem.c **** **
  34:.././hal/stm32f3/stm32f3_sysmem.c **** ** THIS SOFTWARE IS PROVIDED BY THE COPYRIGHT HOLDERS AND CONTRIBUTORS "AS IS"
  35:.././hal/stm32f3/stm32f3_sysmem.c **** ** AND ANY EXPRESS OR IMPLIED WARRANTIES, INCLUDING, BUT NOT LIMITED TO, THE
  36:.././hal/stm32f3/stm32f3_sysmem.c **** ** IMPLIED WARRANTIES OF MERCHANTABILITY AND FITNESS FOR A PARTICULAR PURPOSE ARE
  37:.././hal/stm32f3/stm32f3_sysmem.c **** ** DISCLAIMED. IN NO EVENT SHALL THE COPYRIGHT HOLDER OR CONTRIBUTORS BE LIABLE
  38:.././hal/stm32f3/stm32f3_sysmem.c **** ** FOR ANY DIRECT, INDIRECT, INCIDENTAL, SPECIAL, EXEMPLARY, OR CONSEQUENTIAL
  39:.././hal/stm32f3/stm32f3_sysmem.c **** ** DAMAGES (INCLUDING, BUT NOT LIMITED TO, PROCUREMENT OF SUBSTITUTE GOODS OR
  40:.././hal/stm32f3/stm32f3_sysmem.c **** ** SERVICES; LOSS OF USE, DATA, OR PROFITS; OR BUSINESS INTERRUPTION) HOWEVER
  41:.././hal/stm32f3/stm32f3_sysmem.c **** ** CAUSED AND ON ANY THEORY OF LIABILITY, WHETHER IN CONTRACT, STRICT LIABILITY,
  42:.././hal/stm32f3/stm32f3_sysmem.c **** ** OR TORT (INCLUDING NEGLIGENCE OR OTHERWISE) ARISING IN ANY WAY OUT OF THE USE
  43:.././hal/stm32f3/stm32f3_sysmem.c **** ** OF THIS SOFTWARE, EVEN IF ADVISED OF THE POSSIBILITY OF SUCH DAMAGE.
  44:.././hal/stm32f3/stm32f3_sysmem.c **** **
  45:.././hal/stm32f3/stm32f3_sysmem.c **** *****************************************************************************
  46:.././hal/stm32f3/stm32f3_sysmem.c **** */
  47:.././hal/stm32f3/stm32f3_sysmem.c **** 
  48:.././hal/stm32f3/stm32f3_sysmem.c **** /* Includes */
  49:.././hal/stm32f3/stm32f3_sysmem.c **** #include <errno.h>
  50:.././hal/stm32f3/stm32f3_sysmem.c **** #include <stdio.h>
  51:.././hal/stm32f3/stm32f3_sysmem.c **** 
  52:.././hal/stm32f3/stm32f3_sysmem.c **** /* Variables */
  53:.././hal/stm32f3/stm32f3_sysmem.c **** //Uncomment following if needed - commented out for now as not used and causes warning
  54:.././hal/stm32f3/stm32f3_sysmem.c **** //extern int errno;
  55:.././hal/stm32f3/stm32f3_sysmem.c **** register char * stack_ptr asm("sp");
  56:.././hal/stm32f3/stm32f3_sysmem.c **** 
  57:.././hal/stm32f3/stm32f3_sysmem.c **** /* Functions */
  58:.././hal/stm32f3/stm32f3_sysmem.c **** 
  59:.././hal/stm32f3/stm32f3_sysmem.c **** /**
  60:.././hal/stm32f3/stm32f3_sysmem.c ****  _sbrk
  61:.././hal/stm32f3/stm32f3_sysmem.c ****  Increase program data space. Malloc and related functions depend on this
  62:.././hal/stm32f3/stm32f3_sysmem.c **** **/
  63:.././hal/stm32f3/stm32f3_sysmem.c **** caddr_t _sbrk(int incr)
  64:.././hal/stm32f3/stm32f3_sysmem.c **** {
  34              		.loc 1 64 1
  35              		.cfi_startproc
  36              		@ args = 0, pretend = 0, frame = 16
  37              		@ frame_needed = 1, uses_anonymous_args = 0
  38 0000 80B5     		push	{r7, lr}
  39              	.LCFI0:
  40              		.cfi_def_cfa_offset 8
  41              		.cfi_offset 7, -8
  42              		.cfi_offset 14, -4
  43 0002 84B0     		sub	sp, sp, #16
  44              	.LCFI1:
  45              		.cfi_def_cfa_offset 24
  46 0004 00AF     		add	r7, sp, #0
  47              	.LCFI2:
  48              		.cfi_def_cfa_register 7
  49 0006 7860     		str	r0, [r7, #4]
  65:.././hal/stm32f3/stm32f3_sysmem.c **** 	extern char end asm("end");
  66:.././hal/stm32f3/stm32f3_sysmem.c **** 	static char *heap_end;
  67:.././hal/stm32f3/stm32f3_sysmem.c **** 	char *prev_heap_end;
  68:.././hal/stm32f3/stm32f3_sysmem.c **** 
  69:.././hal/stm32f3/stm32f3_sysmem.c **** 	if (heap_end == 0)
  50              		.loc 1 69 15
  51 0008 114B     		ldr	r3, .L5
  52 000a 1B68     		ldr	r3, [r3]
  53              		.loc 1 69 5
  54 000c 002B     		cmp	r3, #0
  55 000e 02D1     		bne	.L2
  70:.././hal/stm32f3/stm32f3_sysmem.c **** 		heap_end = &end;
  56              		.loc 1 70 12
  57 0010 0F4B     		ldr	r3, .L5
  58 0012 104A     		ldr	r2, .L5+4
  59 0014 1A60     		str	r2, [r3]
  60              	.L2:
  71:.././hal/stm32f3/stm32f3_sysmem.c **** 
  72:.././hal/stm32f3/stm32f3_sysmem.c **** 	prev_heap_end = heap_end;
  61              		.loc 1 72 16
  62 0016 0E4B     		ldr	r3, .L5
  63 0018 1B68     		ldr	r3, [r3]
  64 001a FB60     		str	r3, [r7, #12]
  73:.././hal/stm32f3/stm32f3_sysmem.c **** 	if (heap_end + incr > stack_ptr)
  65              		.loc 1 73 15
  66 001c 0C4B     		ldr	r3, .L5
  67 001e 1A68     		ldr	r2, [r3]
  68 0020 7B68     		ldr	r3, [r7, #4]
  69 0022 1344     		add	r3, r3, r2
  70              		.loc 1 73 22
  71 0024 6A46     		mov	r2, sp
  72              		.loc 1 73 5
  73 0026 9342     		cmp	r3, r2
  74 0028 07D9     		bls	.L3
  74:.././hal/stm32f3/stm32f3_sysmem.c **** 	{
  75:.././hal/stm32f3/stm32f3_sysmem.c **** 		errno = ENOMEM;
  75              		.loc 1 75 3
  76 002a FFF7FEFF 		bl	__errno
  77 002e 0246     		mov	r2, r0
  78              		.loc 1 75 9
  79 0030 0C23     		movs	r3, #12
  80 0032 1360     		str	r3, [r2]
  76:.././hal/stm32f3/stm32f3_sysmem.c **** 		return (caddr_t) -1;
  81              		.loc 1 76 10
  82 0034 4FF0FF33 		mov	r3, #-1
  83 0038 06E0     		b	.L4
  84              	.L3:
  77:.././hal/stm32f3/stm32f3_sysmem.c **** 	}
  78:.././hal/stm32f3/stm32f3_sysmem.c **** 
  79:.././hal/stm32f3/stm32f3_sysmem.c **** 	heap_end += incr;
  85              		.loc 1 79 11
  86 003a 054B     		ldr	r3, .L5
  87 003c 1A68     		ldr	r2, [r3]
  88 003e 7B68     		ldr	r3, [r7, #4]
  89 0040 1344     		add	r3, r3, r2
  90 0042 034A     		ldr	r2, .L5
  91 0044 1360     		str	r3, [r2]
  80:.././hal/stm32f3/stm32f3_sysmem.c **** 
  81:.././hal/stm32f3/stm32f3_sysmem.c **** 	return (caddr_t) prev_heap_end;
  92              		.loc 1 81 9
  93 0046 FB68     		ldr	r3, [r7, #12]
  94              	.L4:
  82:.././hal/stm32f3/stm32f3_sysmem.c **** }
  95              		.loc 1 82 1
  96 0048 1846     		mov	r0, r3
  97 004a 1037     		adds	r7, r7, #16
  98              	.LCFI3:
  99              		.cfi_def_cfa_offset 8
 100 004c BD46     		mov	sp, r7
 101              	.LCFI4:
 102              		.cfi_def_cfa_register 13
 103              		@ sp needed
 104 004e 80BD     		pop	{r7, pc}
 105              	.L6:
 106              		.align	2
 107              	.L5:
 108 0050 00000000 		.word	heap_end.6557
 109 0054 00000000 		.word	end
 110              		.cfi_endproc
 111              	.LFE3:
 113              		.text
 114              	.Letext0:
 115              		.file 2 "c:\\users\\char8\\documents\\gnu-mcu-eclipse-arm-none-eabi-gcc-8.2.1-1.7-20190524-0603-wi
 116              		.file 3 "c:\\users\\char8\\documents\\gnu-mcu-eclipse-arm-none-eabi-gcc-8.2.1-1.7-20190524-0603-wi
 117              		.file 4 "c:\\users\\char8\\documents\\gnu-mcu-eclipse-arm-none-eabi-gcc-8.2.1-1.7-20190524-0603-wi
 118              		.file 5 "c:\\users\\char8\\documents\\gnu-mcu-eclipse-arm-none-eabi-gcc-8.2.1-1.7-20190524-0603-wi
 119              		.file 6 "c:\\users\\char8\\documents\\gnu-mcu-eclipse-arm-none-eabi-gcc-8.2.1-1.7-20190524-0603-wi
 120              		.file 7 "c:\\users\\char8\\documents\\gnu-mcu-eclipse-arm-none-eabi-gcc-8.2.1-1.7-20190524-0603-wi
DEFINED SYMBOLS
                            *ABS*:0000000000000000 stm32f3_sysmem.c
C:\Users\char8\AppData\Local\Temp\cc9qAmIh.s:18     .bss:0000000000000000 $d
C:\Users\char8\AppData\Local\Temp\cc9qAmIh.s:19     .bss:0000000000000000 heap_end.6557
C:\Users\char8\AppData\Local\Temp\cc9qAmIh.s:23     .text._sbrk:0000000000000000 $t
C:\Users\char8\AppData\Local\Temp\cc9qAmIh.s:31     .text._sbrk:0000000000000000 _sbrk
C:\Users\char8\AppData\Local\Temp\cc9qAmIh.s:108    .text._sbrk:0000000000000050 $d
                           .group:0000000000000000 wm4.0.4f4e2297610e043bdda5b1ed482d7fb1
                           .group:0000000000000000 wm4.errno.h.2.ba016d646105af6cad23be83630b6a3f
                           .group:0000000000000000 wm4._newlib_version.h.4.875b979a44719054cd750d0952ad3fd6
                           .group:0000000000000000 wm4.newlib.h.18.ac66930cc5dc086504ebba5cc05ab7f1
                           .group:0000000000000000 wm4.ieeefp.h.77.d5685ba212d3ed6e914898d045f873e3
                           .group:0000000000000000 wm4.features.h.22.026edb2397769f4ae13f35900dbdb560
                           .group:0000000000000000 wm4.config.h.220.6cac6a9685cfce5e83c17784171638d9
                           .group:0000000000000000 wm4._ansi.h.31.de524f58584151836e90d8620a16f8e8
                           .group:0000000000000000 wm4.stddef.h.39.99b5021e28f91cdb161c889e07266673
                           .group:0000000000000000 wm4._default_types.h.6.959254cf5f09734ea7516c89e8bb21bd
                           .group:0000000000000000 wm4.lock.h.2.1461d1fff82dffe8bfddc23307f6484f
                           .group:0000000000000000 wm4._types.h.125.5cf8a495f1f7ef36777ad868a1e32068
                           .group:0000000000000000 wm4.stddef.h.161.5349cb105733e8777bfb0cf53c4e3f34
                           .group:0000000000000000 wm4._types.h.184.03611d4f6b5bec9997bcf4279eceba07
                           .group:0000000000000000 wm4.reent.h.17.90c2574d4acdcfce933db5cb09ff35fe
                           .group:0000000000000000 wm4.errno.h.14.6a5939d3ae7434a1e97991a97123b12d
                           .group:0000000000000000 wm4.stdio.h.31.7c0e28c411445f3f9c5b11accf882760
                           .group:0000000000000000 wm4.stddef.h.161.19e15733342b50ead2919490b095303e
                           .group:0000000000000000 wm4.cdefs.h.49.2bf373aedffd8b393ccd11dc057e8547
                           .group:0000000000000000 wm4.stdarg.h.34.3a23a216c0c293b3d2ea2e89281481e6
                           .group:0000000000000000 wm4.types.h.40.e8c16e7ec36ba55f133d0616070e25fc
                           .group:0000000000000000 wm4._stdint.h.10.c24fa3af3bc1706662bb5593a907e841
                           .group:0000000000000000 wm4._endian.h.31.65a10590763c3dde1ac4a7f66d7d4891
                           .group:0000000000000000 wm4.endian.h.9.49f3a4695c1b61e8a0808de3c4a106cb
                           .group:0000000000000000 wm4._timeval.h.30.0e8bfd94e85db17dda3286ee81496fe6
                           .group:0000000000000000 wm4.timespec.h.41.d855182eb0e690443ab8651bcedca6e1
                           .group:0000000000000000 wm4.select.h.19.97ca6fd0c752a0f3b6719fd314d361e6
                           .group:0000000000000000 wm4.types.h.69.ed3eae3cf73030a737515151ebcab7a1
                           .group:0000000000000000 wm4.sched.h.22.c60982713a5c428609783c78f9c78d95
                           .group:0000000000000000 wm4._pthreadtypes.h.36.fcee9961c35163dde6267ef772ad1972
                           .group:0000000000000000 wm4.stdio.h.2.4aa87247282eca6c8f36f9de33d8df1a
                           .group:0000000000000000 wm4.stdio.h.81.932d0c162786b883f622b8d05c120c78

UNDEFINED SYMBOLS
__errno
end
